# JRE version: Java(TM) SE Runtime Environment (7.0_80-b15) (build 1.7.0_80-b15)
# Java VM: Java HotSpot(TM) Server VM (24.80-b11 mixed mode linux-x86 )
Heap
 PSYoungGen      total 287232K, used 191643K [0x9e040000, 0xb35c0000, 0xb35c0000)
  eden space 243200K, 60% used [0x9e040000,0xa707a568,0xacdc0000)
  from space 44032K, 99% used [0xacdc0000,0xaf8ac820,0xaf8c0000)
  to   space 56832K, 0% used [0xafe40000,0xafe40000,0xb35c0000)
 ParOldGen       total 172032K, used 100976K [0x735c0000, 0x7ddc0000, 0x9e040000)
  object space 172032K, 58% used [0x735c0000,0x7985c210,0x7ddc0000)
 PSPermGen       total 92416K, used 76690K [0x635c0000, 0x69000000, 0x735c0000)
  object space 92416K, 82% used [0x635c0000,0x680a4838,0x69000000)
GC Heap History (10 events):
Event: 976.591 GC heap before
{Heap before GC invocations=46 (full 5):
 PSYoungGen      total 287232K, used 251222K [0x9e040000, 0xb30c0000, 0xb35c0000)
  eden space 228096K, 100% used [0x9e040000,0xabf00000,0xabf00000)
  from space 59136K, 39% used [0xaf540000,0xb0bd5bb8,0xb2f00000)
  to   space 55552K, 0% used [0xabf00000,0xabf00000,0xaf540000)
 ParOldGen       total 172032K, used 100968K [0x735c0000, 0x7ddc0000, 0x9e040000)
  object space 172032K, 58% used [0x735c0000,0x7985a210,0x7ddc0000)
 PSPermGen       total 92416K, used 73919K [0x635c0000, 0x69000000, 0x735c0000)
  object space 92416K, 79% used [0x635c0000,0x67deffb8,0x69000000)
Event: 976.695 GC heap after
Heap after GC invocations=46 (full 5):
 PSYoungGen      total 283648K, used 26869K [0x9e040000, 0xb2f40000, 0xb35c0000)
  eden space 228096K, 0% used [0x9e040000,0x9e040000,0xabf00000)
  from space 55552K, 48% used [0xabf00000,0xad93d5d0,0xaf540000)
  to   space 54016K, 0% used [0xafa80000,0xafa80000,0xb2f40000)
 ParOldGen       total 172032K, used 100968K [0x735c0000, 0x7ddc0000, 0x9e040000)
  object space 172032K, 58% used [0x735c0000,0x7985a210,0x7ddc0000)
 PSPermGen       total 92416K, used 73919K [0x635c0000, 0x69000000, 0x735c0000)
  object space 92416K, 79% used [0x635c0000,0x67deffb8,0x69000000)
}
Event: 978.725 GC heap before
{Heap before GC invocations=47 (full 5):
 PSYoungGen      total 283648K, used 254965K [0x9e040000, 0xb2f40000, 0xb35c0000)
  eden space 228096K, 100% used [0x9e040000,0xabf00000,0xabf00000)
  from space 55552K, 48% used [0xabf00000,0xad93d5d0,0xaf540000)
  to   space 54016K, 0% used [0xafa80000,0xafa80000,0xb2f40000)
 ParOldGen       total 172032K, used 100968K [0x735c0000, 0x7ddc0000, 0x9e040000)
  object space 172032K, 58% used [0x735c0000,0x7985a210,0x7ddc0000)
 PSPermGen       total 92416K, used 74025K [0x635c0000, 0x69000000, 0x735c0000)
  object space 92416K, 80% used [0x635c0000,0x67e0a430,0x69000000)
Event: 978.783 GC heap after
Heap after GC invocations=47 (full 5):
 PSYoungGen      total 290048K, used 28778K [0x9e040000, 0xb3240000, 0xb35c0000)
  eden space 236032K, 0% used [0x9e040000,0x9e040000,0xac6c0000)
  from space 54016K, 53% used [0xafa80000,0xb169ab48,0xb2f40000)
  to   space 52992K, 0% used [0xac6c0000,0xac6c0000,0xafa80000)
 ParOldGen       total 172032K, used 100968K [0x735c0000, 0x7ddc0000, 0x9e040000)
  object space 172032K, 58% used [0x735c0000,0x7985a210,0x7ddc0000)
 PSPermGen       total 92416K, used 74025K [0x635c0000, 0x69000000, 0x735c0000)
  object space 92416K, 80% used [0x635c0000,0x67e0a430,0x69000000)
}
Event: 980.721 GC heap before
{Heap before GC invocations=48 (full 5):
 PSYoungGen      total 290048K, used 264810K [0x9e040000, 0xb3240000, 0xb35c0000)
  eden space 236032K, 100% used [0x9e040000,0xac6c0000,0xac6c0000)
  from space 54016K, 53% used [0xafa80000,0xb169ab48,0xb2f40000)
  to   space 52992K, 0% used [0xac6c0000,0xac6c0000,0xafa80000)
 ParOldGen       total 172032K, used 100968K [0x735c0000, 0x7ddc0000, 0x9e040000)
  object space 172032K, 58% used [0x735c0000,0x7985a210,0x7ddc0000)
 PSPermGen       total 92416K, used 74460K [0x635c0000, 0x69000000, 0x735c0000)
  object space 92416K, 80% used [0x635c0000,0x67e772c0,0x69000000)
Event: 980.814 GC heap after
Heap after GC invocations=48 (full 5):
 PSYoungGen      total 289024K, used 31251K [0x9e040000, 0xb34c0000, 0xb35c0000)
  eden space 236032K, 0% used [0x9e040000,0x9e040000,0xac6c0000)
  from space 52992K, 58% used [0xac6c0000,0xae544fe0,0xafa80000)
  to   space 52992K, 0% used [0xb0100000,0xb0100000,0xb34c0000)
 ParOldGen       total 172032K, used 100972K [0x735c0000, 0x7ddc0000, 0x9e040000)
  object space 172032K, 58% used [0x735c0000,0x7985b210,0x7ddc0000)
 PSPermGen       total 92416K, used 74460K [0x635c0000, 0x69000000, 0x735c0000)
  object space 92416K, 80% used [0x635c0000,0x67e772c0,0x69000000)
}
Event: 981.888 GC heap before
{Heap before GC invocations=49 (full 5):
 PSYoungGen      total 289024K, used 267283K [0x9e040000, 0xb34c0000, 0xb35c0000)
  eden space 236032K, 100% used [0x9e040000,0xac6c0000,0xac6c0000)
  from space 52992K, 58% used [0xac6c0000,0xae544fe0,0xafa80000)
  to   space 52992K, 0% used [0xb0100000,0xb0100000,0xb34c0000)
 ParOldGen       total 172032K, used 100972K [0x735c0000, 0x7ddc0000, 0x9e040000)
  object space 172032K, 58% used [0x735c0000,0x7985b210,0x7ddc0000)
 PSPermGen       total 92416K, used 74462K [0x635c0000, 0x69000000, 0x735c0000)
  object space 92416K, 80% used [0x635c0000,0x67e77a70,0x69000000)
Event: 981.969 GC heap after
Heap after GC invocations=49 (full 5):
 PSYoungGen      total 296192K, used 30876K [0x9e040000, 0xb34c0000, 0xb35c0000)
  eden space 243200K, 0% used [0x9e040000,0x9e040000,0xacdc0000)
  from space 52992K, 58% used [0xb0100000,0xb1f270e8,0xb34c0000)
  to   space 52480K, 0% used [0xacdc0000,0xacdc0000,0xb0100000)
 ParOldGen       total 172032K, used 100972K [0x735c0000, 0x7ddc0000, 0x9e040000)
  object space 172032K, 58% used [0x735c0000,0x7985b210,0x7ddc0000)
 PSPermGen       total 92416K, used 74462K [0x635c0000, 0x69000000, 0x735c0000)
  object space 92416K, 80% used [0x635c0000,0x67e77a70,0x69000000)
}
Event: 987.503 GC heap before
{Heap before GC invocations=50 (full 5):
 PSYoungGen      total 296192K, used 274076K [0x9e040000, 0xb34c0000, 0xb35c0000)
  eden space 243200K, 100% used [0x9e040000,0xacdc0000,0xacdc0000)
  from space 52992K, 58% used [0xb0100000,0xb1f270e8,0xb34c0000)
  to   space 52480K, 0% used [0xacdc0000,0xacdc0000,0xb0100000)
 ParOldGen       total 172032K, used 100972K [0x735c0000, 0x7ddc0000, 0x9e040000)
  object space 172032K, 58% used [0x735c0000,0x7985b210,0x7ddc0000)
 PSPermGen       total 92416K, used 76515K [0x635c0000, 0x69000000, 0x735c0000)
  object space 92416K, 82% used [0x635c0000,0x68078cc0,0x69000000)
Event: 987.559 GC heap after
Heap after GC invocations=50 (full 5):
 PSYoungGen      total 287232K, used 43954K [0x9e040000, 0xb35c0000, 0xb35c0000)
  eden space 243200K, 0% used [0x9e040000,0x9e040000,0xacdc0000)
  from space 44032K, 99% used [0xacdc0000,0xaf8ac820,0xaf8c0000)
  to   space 56832K, 0% used [0xafe40000,0xafe40000,0xb35c0000)
 ParOldGen       total 172032K, used 100976K [0x735c0000, 0x7ddc0000, 0x9e040000)
  object space 172032K, 58% used [0x735c0000,0x7985c210,0x7ddc0000)
 PSPermGen       total 92416K, used 76515K [0x635c0000, 0x69000000, 0x735c0000)
  object space 92416K, 82% used [0x635c0000,0x68078cc0,0x69000000)
}

